[debug] [2023-01-04T00:03:52.404Z] ----------------------------------------------------------------------
[debug] [2023-01-04T00:03:52.409Z] Command:       C:\Program Files\nodejs\node.exe C:\Users\OLUWATOBI\AppData\Roaming\npm\node_modules\firebase-tools\lib\bin\firebase.js init
[debug] [2023-01-04T00:03:52.413Z] CLI Version:   11.18.0
[debug] [2023-01-04T00:03:52.414Z] Platform:      win32
[debug] [2023-01-04T00:03:52.414Z] Node Version:  v18.12.1
[debug] [2023-01-04T00:03:52.416Z] Time:          Tue Jan 03 2023 16:03:52 GMT-0800 (Pacific Standard Time)
[debug] [2023-01-04T00:03:52.417Z] ----------------------------------------------------------------------
[debug] 
[debug] [2023-01-04T00:03:52.564Z] > command requires scopes: ["email","openid","https://www.googleapis.com/auth/cloudplatformprojects.readonly","https://www.googleapis.com/auth/firebase","https://www.googleapis.com/auth/cloud-platform"]
[debug] [2023-01-04T00:03:52.565Z] > authorizing via signed-in user (akanbitobijoseph@gmail.com)
[info] 
     ######## #### ########  ######## ########     ###     ######  ########
     ##        ##  ##     ## ##       ##     ##  ##   ##  ##       ##
     ######    ##  ########  ######   ########  #########  ######  ######
     ##        ##  ##    ##  ##       ##     ## ##     ##       ## ##
     ##       #### ##     ## ######## ########  ##     ##  ######  ########

You're about to initialize a Firebase project in this directory:

  C:\Users\OLUWATOBI\Documents\my projects\Resum_builder

Before we get started, keep in mind:

  * You are initializing within an existing Firebase project directory

[info] 
=== Project Setup
[info] 
[info] First, let's associate this project directory with a Firebase project.
[info] You can create multiple project aliases by running firebase use --add, 
[info] but for now we'll just set up a default project.
[info] 
[debug] [2023-01-04T00:04:13.685Z] Using project from CLI flag: resumbuilderpro
[debug] [2023-01-04T00:04:13.693Z] >>> [apiv2][query] GET https://firebase.googleapis.com/v1beta1/projects/resumbuilderpro [none]
[debug] [2023-01-04T00:04:14.371Z] <<< [apiv2][status] GET https://firebase.googleapis.com/v1beta1/projects/resumbuilderpro 200
[debug] [2023-01-04T00:04:14.372Z] <<< [apiv2][body] GET https://firebase.googleapis.com/v1beta1/projects/resumbuilderpro {"projectId":"resumbuilderpro","projectNumber":"262523628677","displayName":"resumbuilderpro","name":"projects/resumbuilderpro","resources":{"hostingSite":"resumbuilderpro"},"state":"ACTIVE","etag":"1_b7bbd155-f0cb-4c54-9e0f-f2eb37e4d273"}
[info] i  Using project resumbuilderpro (resumbuilderpro) 
[info] 
=== Hosting:github Setup
[info] 
[info] i  Detected a .git folder at C:\Users\OLUWATOBI\Documents\my projects\Resum_builder 
[info] i  Authorizing with GitHub to upload your service account to a GitHub repository's secrets store. 
[info] 
[info] Visit this URL on this device to log in:
[info] https://github.com/login/oauth/authorize?client_id=89cf50f02ac6aaed3484&state=939304732&redirect_uri=http%3A%2F%2Flocalhost%3A9005&scope=read%3Auser%20repo%20public_repo
[info] 
[info] Waiting for authentication...
[debug] [2023-01-04T00:04:17.088Z] >>> [apiv2][query] POST https://github.com/login/oauth/access_token [none]
[debug] [2023-01-04T00:04:17.089Z] >>> [apiv2][body] POST https://github.com/login/oauth/access_token [stream]
[debug] [2023-01-04T00:04:18.221Z] <<< [apiv2][status] POST https://github.com/login/oauth/access_token 200
[debug] [2023-01-04T00:04:18.222Z] <<< [apiv2][body] POST https://github.com/login/oauth/access_token {"access_token":"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","token_type":"bearer","scope":"read:user,repo"}
[debug] [2023-01-04T00:04:18.346Z] >>> [apiv2][query] GET https://api.github.com/user [none]
[debug] [2023-01-04T00:04:19.116Z] <<< [apiv2][status] GET https://api.github.com/user 200
[debug] [2023-01-04T00:04:19.116Z] <<< [apiv2][body] GET https://api.github.com/user {"login":"Dxtobi","id":44758414,"node_id":"MDQ6VXNlcjQ0NzU4NDE0","avatar_url":"https://avatars.githubusercontent.com/u/44758414?v=4","gravatar_id":"","url":"https://api.github.com/users/Dxtobi","html_url":"https://github.com/Dxtobi","followers_url":"https://api.github.com/users/Dxtobi/followers","following_url":"https://api.github.com/users/Dxtobi/following{/other_user}","gists_url":"https://api.github.com/users/Dxtobi/gists{/gist_id}","starred_url":"https://api.github.com/users/Dxtobi/starred{/owner}{/repo}","subscriptions_url":"https://api.github.com/users/Dxtobi/subscriptions","organizations_url":"https://api.github.com/users/Dxtobi/orgs","repos_url":"https://api.github.com/users/Dxtobi/repos","events_url":"https://api.github.com/users/Dxtobi/events{/privacy}","received_events_url":"https://api.github.com/users/Dxtobi/received_events","type":"User","site_admin":false,"name":"Tobi kin","company":"Dx","blog":"","location":null,"email":null,"hireable":null,"bio":"I Love Coding Allot 🥰🤗 \r\nYears: 2016 till present date.. ","twitter_username":null,"public_repos":28,"public_gists":0,"followers":2,"following":1,"created_at":"2018-11-05T00:43:46Z","updated_at":"2022-12-14T18:54:49Z","private_gists":0,"total_private_repos":8,"owned_private_repos":8,"disk_usage":495563,"collaborators":0,"two_factor_authentication":false,"plan":{"name":"free","space":976562499,"collaborators":0,"private_repos":10000}}
[info] 
[info] +  Success! Logged into GitHub as Dxtobi 
[info] 
[debug] [2023-01-04T00:04:48.038Z] >>> [apiv2][query] GET https://api.github.com/repos/Dxtobi/actions/secrets/public-key type=owner
[debug] [2023-01-04T00:04:48.045Z] >>> [apiv2][query] GET https://api.github.com/repos///actions/secrets/public-key type=owner
[debug] [2023-01-04T00:04:48.058Z] >>> [apiv2][query] GET https://api.github.com/repos/resumbuilderprototype/actions/secrets/public-key type=owner
[debug] [2023-01-04T00:04:48.755Z] <<< [apiv2][status] GET https://api.github.com/repos/resumbuilderprototype/actions/secrets/public-key 404
[debug] [2023-01-04T00:04:48.755Z] <<< [apiv2][body] GET https://api.github.com/repos/resumbuilderprototype/actions/secrets/public-key {"message":"Not Found","documentation_url":"https://docs.github.com/rest"}
[debug] [2023-01-04T00:04:48.758Z] <<< [apiv2][status] GET https://api.github.com/repos///actions/secrets/public-key 404
[debug] [2023-01-04T00:04:48.758Z] <<< [apiv2][body] GET https://api.github.com/repos///actions/secrets/public-key {"message":"Not Found","documentation_url":"https://docs.github.com/rest"}
[debug] [2023-01-04T00:04:48.762Z] <<< [apiv2][status] GET https://api.github.com/repos/Dxtobi/actions/secrets/public-key 404
[debug] [2023-01-04T00:04:48.762Z] <<< [apiv2][body] GET https://api.github.com/repos/Dxtobi/actions/secrets/public-key {"message":"Not Found","documentation_url":"https://docs.github.com/rest"}
[debug] [2023-01-04T00:05:18.158Z] >>> [apiv2][query] GET https://api.github.com/repos/Dxtobi/Dxtobi/actions/secrets/public-key type=owner
[debug] [2023-01-04T00:05:18.162Z] >>> [apiv2][query] GET https://api.github.com/repos///actions/secrets/public-key type=owner
[debug] [2023-01-04T00:05:18.170Z] >>> [apiv2][query] GET https://api.github.com/repos/resumbuilderprototype/actions/secrets/public-key type=owner
[debug] [2023-01-04T00:05:18.883Z] <<< [apiv2][status] GET https://api.github.com/repos/resumbuilderprototype/actions/secrets/public-key 404
[debug] [2023-01-04T00:05:18.883Z] <<< [apiv2][body] GET https://api.github.com/repos/resumbuilderprototype/actions/secrets/public-key {"message":"Not Found","documentation_url":"https://docs.github.com/rest"}
[debug] [2023-01-04T00:05:18.885Z] <<< [apiv2][status] GET https://api.github.com/repos///actions/secrets/public-key 404
[debug] [2023-01-04T00:05:18.885Z] <<< [apiv2][body] GET https://api.github.com/repos///actions/secrets/public-key {"message":"Not Found","documentation_url":"https://docs.github.com/rest"}
[debug] [2023-01-04T00:05:18.927Z] <<< [apiv2][status] GET https://api.github.com/repos/Dxtobi/Dxtobi/actions/secrets/public-key 200
[debug] [2023-01-04T00:05:18.927Z] <<< [apiv2][body] GET https://api.github.com/repos/Dxtobi/Dxtobi/actions/secrets/public-key {"key_id":"568250167242549743","key":"ctnFlH3zAIhyKjyXFz+s0F+1DV7qrZQj1gDIVISBw2k="}
[debug] [2023-01-04T00:05:18.930Z] >>> [apiv2][query] GET https://api.github.com/repos/Dxtobi/Dxtobi [none]
[debug] [2023-01-04T00:05:19.647Z] <<< [apiv2][status] GET https://api.github.com/repos/Dxtobi/Dxtobi 200
[debug] [2023-01-04T00:05:19.647Z] <<< [apiv2][body] GET https://api.github.com/repos/Dxtobi/Dxtobi {"id":370135663,"node_id":"MDEwOlJlcG9zaXRvcnkzNzAxMzU2NjM=","name":"Dxtobi","full_name":"Dxtobi/Dxtobi","private":false,"owner":{"login":"Dxtobi","id":44758414,"node_id":"MDQ6VXNlcjQ0NzU4NDE0","avatar_url":"https://avatars.githubusercontent.com/u/44758414?v=4","gravatar_id":"","url":"https://api.github.com/users/Dxtobi","html_url":"https://github.com/Dxtobi","followers_url":"https://api.github.com/users/Dxtobi/followers","following_url":"https://api.github.com/users/Dxtobi/following{/other_user}","gists_url":"https://api.github.com/users/Dxtobi/gists{/gist_id}","starred_url":"https://api.github.com/users/Dxtobi/starred{/owner}{/repo}","subscriptions_url":"https://api.github.com/users/Dxtobi/subscriptions","organizations_url":"https://api.github.com/users/Dxtobi/orgs","repos_url":"https://api.github.com/users/Dxtobi/repos","events_url":"https://api.github.com/users/Dxtobi/events{/privacy}","received_events_url":"https://api.github.com/users/Dxtobi/received_events","type":"User","site_admin":false},"html_url":"https://github.com/Dxtobi/Dxtobi","description":"Config files for my GitHub profile.","fork":false,"url":"https://api.github.com/repos/Dxtobi/Dxtobi","forks_url":"https://api.github.com/repos/Dxtobi/Dxtobi/forks","keys_url":"https://api.github.com/repos/Dxtobi/Dxtobi/keys{/key_id}","collaborators_url":"https://api.github.com/repos/Dxtobi/Dxtobi/collaborators{/collaborator}","teams_url":"https://api.github.com/repos/Dxtobi/Dxtobi/teams","hooks_url":"https://api.github.com/repos/Dxtobi/Dxtobi/hooks","issue_events_url":"https://api.github.com/repos/Dxtobi/Dxtobi/issues/events{/number}","events_url":"https://api.github.com/repos/Dxtobi/Dxtobi/events","assignees_url":"https://api.github.com/repos/Dxtobi/Dxtobi/assignees{/user}","branches_url":"https://api.github.com/repos/Dxtobi/Dxtobi/branches{/branch}","tags_url":"https://api.github.com/repos/Dxtobi/Dxtobi/tags","blobs_url":"https://api.github.com/repos/Dxtobi/Dxtobi/git/blobs{/sha}","git_tags_url":"https://api.github.com/repos/Dxtobi/Dxtobi/git/tags{/sha}","git_refs_url":"https://api.github.com/repos/Dxtobi/Dxtobi/git/refs{/sha}","trees_url":"https://api.github.com/repos/Dxtobi/Dxtobi/git/trees{/sha}","statuses_url":"https://api.github.com/repos/Dxtobi/Dxtobi/statuses/{sha}","languages_url":"https://api.github.com/repos/Dxtobi/Dxtobi/languages","stargazers_url":"https://api.github.com/repos/Dxtobi/Dxtobi/stargazers","contributors_url":"https://api.github.com/repos/Dxtobi/Dxtobi/contributors","subscribers_url":"https://api.github.com/repos/Dxtobi/Dxtobi/subscribers","subscription_url":"https://api.github.com/repos/Dxtobi/Dxtobi/subscription","commits_url":"https://api.github.com/repos/Dxtobi/Dxtobi/commits{/sha}","git_commits_url":"https://api.github.com/repos/Dxtobi/Dxtobi/git/commits{/sha}","comments_url":"https://api.github.com/repos/Dxtobi/Dxtobi/comments{/number}","issue_comment_url":"https://api.github.com/repos/Dxtobi/Dxtobi/issues/comments{/number}","contents_url":"https://api.github.com/repos/Dxtobi/Dxtobi/contents/{+path}","compare_url":"https://api.github.com/repos/Dxtobi/Dxtobi/compare/{base}...{head}","merges_url":"https://api.github.com/repos/Dxtobi/Dxtobi/merges","archive_url":"https://api.github.com/repos/Dxtobi/Dxtobi/{archive_format}{/ref}","downloads_url":"https://api.github.com/repos/Dxtobi/Dxtobi/downloads","issues_url":"https://api.github.com/repos/Dxtobi/Dxtobi/issues{/number}","pulls_url":"https://api.github.com/repos/Dxtobi/Dxtobi/pulls{/number}","milestones_url":"https://api.github.com/repos/Dxtobi/Dxtobi/milestones{/number}","notifications_url":"https://api.github.com/repos/Dxtobi/Dxtobi/notifications{?since,all,participating}","labels_url":"https://api.github.com/repos/Dxtobi/Dxtobi/labels{/name}","releases_url":"https://api.github.com/repos/Dxtobi/Dxtobi/releases{/id}","deployments_url":"https://api.github.com/repos/Dxtobi/Dxtobi/deployments","created_at":"2021-05-23T19:04:10Z","updated_at":"2021-05-23T19:07:35Z","pushed_at":"2021-05-23T19:07:33Z","git_url":"git://github.com/Dxtobi/Dxtobi.git","ssh_url":"git@github.com:Dxtobi/Dxtobi.git","clone_url":"https://github.com/Dxtobi/Dxtobi.git","svn_url":"https://github.com/Dxtobi/Dxtobi","homepage":"https://github.com/Dxtobi","size":0,"stargazers_count":0,"watchers_count":0,"language":null,"has_issues":false,"has_projects":true,"has_downloads":true,"has_wiki":false,"has_pages":false,"has_discussions":false,"forks_count":0,"mirror_url":null,"archived":false,"disabled":false,"open_issues_count":0,"license":null,"allow_forking":true,"is_template":false,"web_commit_signoff_required":false,"topics":["config","github-config"],"visibility":"public","forks":0,"open_issues":0,"watchers":0,"default_branch":"main","permissions":{"admin":true,"maintain":true,"push":true,"triage":true,"pull":true},"temp_clone_token":"","allow_squash_merge":true,"allow_merge_commit":true,"allow_rebase_merge":true,"allow_auto_merge":false,"delete_branch_on_merge":false,"allow_update_branch":false,"use_squash_pr_title_as_default":false,"squash_merge_commit_message":"COMMIT_MESSAGES","squash_merge_commit_title":"COMMIT_OR_PR_TITLE","merge_commit_message":"PR_TITLE","merge_commit_title":"MERGE_MESSAGE","network_count":0,"subscribers_count":1}
[debug] [2023-01-04T00:05:19.650Z] >>> [apiv2][query] POST https://iam.googleapis.com/v1/projects/resumbuilderpro/serviceAccounts [none]
[debug] [2023-01-04T00:05:19.650Z] >>> [apiv2][body] POST https://iam.googleapis.com/v1/projects/resumbuilderpro/serviceAccounts {"accountId":"github-action-370135663","serviceAccount":{"displayName":"GitHub Actions (Dxtobi/Dxtobi)","description":"A service account with permission to deploy to Firebase Hosting for the GitHub repository Dxtobi/Dxtobi"}}
[debug] [2023-01-04T00:05:21.258Z] <<< [apiv2][status] POST https://iam.googleapis.com/v1/projects/resumbuilderpro/serviceAccounts 200
[debug] [2023-01-04T00:05:21.259Z] <<< [apiv2][body] POST https://iam.googleapis.com/v1/projects/resumbuilderpro/serviceAccounts [omitted]
[debug] [2023-01-04T00:05:21.260Z] >>> [apiv2][query] GET https://iam.googleapis.com/v1/projects/resumbuilderpro/serviceAccounts/github-action-370135663@resumbuilderpro.iam.gserviceaccount.com [none]
[debug] [2023-01-04T00:05:21.263Z] >>> [apiv2][query] POST https://cloudresourcemanager.googleapis.com/v1/projects/resumbuilderpro:getIamPolicy [none]
[debug] [2023-01-04T00:05:22.474Z] <<< [apiv2][status] GET https://iam.googleapis.com/v1/projects/resumbuilderpro/serviceAccounts/github-action-370135663@resumbuilderpro.iam.gserviceaccount.com 200
[debug] [2023-01-04T00:05:22.474Z] <<< [apiv2][body] GET https://iam.googleapis.com/v1/projects/resumbuilderpro/serviceAccounts/github-action-370135663@resumbuilderpro.iam.gserviceaccount.com {"name":"projects/resumbuilderpro/serviceAccounts/github-action-370135663@resumbuilderpro.iam.gserviceaccount.com","projectId":"resumbuilderpro","uniqueId":"110700849205108148283","email":"github-action-370135663@resumbuilderpro.iam.gserviceaccount.com","displayName":"GitHub Actions (Dxtobi/Dxtobi)","etag":"MDEwMjE5MjA=","description":"A service account with permission to deploy to Firebase Hosting for the GitHub repository Dxtobi/Dxtobi","oauth2ClientId":"110700849205108148283"}
[debug] [2023-01-04T00:05:22.835Z] <<< [apiv2][status] POST https://cloudresourcemanager.googleapis.com/v1/projects/resumbuilderpro:getIamPolicy 200
[debug] [2023-01-04T00:05:22.836Z] <<< [apiv2][body] POST https://cloudresourcemanager.googleapis.com/v1/projects/resumbuilderpro:getIamPolicy {"version":1,"etag":"BwXxZK0F++Y=","bindings":[{"role":"roles/firebase.managementServiceAgent","members":["serviceAccount:firebase-service-account@firebase-sa-management.iam.gserviceaccount.com","serviceAccount:service-262523628677@gcp-sa-firebase.iam.gserviceaccount.com"]},{"role":"roles/firebase.sdkAdminServiceAgent","members":["serviceAccount:firebase-adminsdk-q39c1@resumbuilderpro.iam.gserviceaccount.com"]},{"role":"roles/firebaserules.system","members":["serviceAccount:service-262523628677@firebase-rules.iam.gserviceaccount.com"]},{"role":"roles/iam.serviceAccountTokenCreator","members":["serviceAccount:firebase-adminsdk-q39c1@resumbuilderpro.iam.gserviceaccount.com"]},{"role":"roles/owner","members":["user:akanbitobijoseph@gmail.com"]},{"role":"roles/pubsub.serviceAgent","members":["serviceAccount:service-262523628677@gcp-sa-pubsub.iam.gserviceaccount.com"]}]}
[debug] [2023-01-04T00:05:22.837Z] >>> [apiv2][query] POST https://cloudresourcemanager.googleapis.com/v1/projects/resumbuilderpro:setIamPolicy [none]
[debug] [2023-01-04T00:05:22.837Z] >>> [apiv2][body] POST https://cloudresourcemanager.googleapis.com/v1/projects/resumbuilderpro:setIamPolicy {"policy":{"version":1,"etag":"BwXxZK0F++Y=","bindings":[{"role":"roles/firebase.managementServiceAgent","members":["serviceAccount:firebase-service-account@firebase-sa-management.iam.gserviceaccount.com","serviceAccount:service-262523628677@gcp-sa-firebase.iam.gserviceaccount.com"]},{"role":"roles/firebase.sdkAdminServiceAgent","members":["serviceAccount:firebase-adminsdk-q39c1@resumbuilderpro.iam.gserviceaccount.com"]},{"role":"roles/firebaserules.system","members":["serviceAccount:service-262523628677@firebase-rules.iam.gserviceaccount.com"]},{"role":"roles/iam.serviceAccountTokenCreator","members":["serviceAccount:firebase-adminsdk-q39c1@resumbuilderpro.iam.gserviceaccount.com"]},{"role":"roles/owner","members":["user:akanbitobijoseph@gmail.com"]},{"role":"roles/pubsub.serviceAgent","members":["serviceAccount:service-262523628677@gcp-sa-pubsub.iam.gserviceaccount.com"]},{"role":"roles/firebaseauth.admin","members":["serviceAccount:github-action-370135663@resumbuilderpro.iam.gserviceaccount.com"]},{"role":"roles/serviceusage.apiKeysViewer","members":["serviceAccount:github-action-370135663@resumbuilderpro.iam.gserviceaccount.com"]},{"role":"roles/firebasehosting.admin","members":["serviceAccount:github-action-370135663@resumbuilderpro.iam.gserviceaccount.com"]},{"role":"roles/run.viewer","members":["serviceAccount:github-action-370135663@resumbuilderpro.iam.gserviceaccount.com"]}]},"updateMask":"bindings"}
[debug] [2023-01-04T00:05:23.958Z] <<< [apiv2][status] POST https://cloudresourcemanager.googleapis.com/v1/projects/resumbuilderpro:setIamPolicy 200
[debug] [2023-01-04T00:05:23.958Z] <<< [apiv2][body] POST https://cloudresourcemanager.googleapis.com/v1/projects/resumbuilderpro:setIamPolicy {"version":1,"etag":"BwXxZPDPmEA=","bindings":[{"role":"roles/firebase.managementServiceAgent","members":["serviceAccount:firebase-service-account@firebase-sa-management.iam.gserviceaccount.com","serviceAccount:service-262523628677@gcp-sa-firebase.iam.gserviceaccount.com"]},{"role":"roles/firebase.sdkAdminServiceAgent","members":["serviceAccount:firebase-adminsdk-q39c1@resumbuilderpro.iam.gserviceaccount.com"]},{"role":"roles/firebaseauth.admin","members":["serviceAccount:github-action-370135663@resumbuilderpro.iam.gserviceaccount.com"]},{"role":"roles/firebasehosting.admin","members":["serviceAccount:github-action-370135663@resumbuilderpro.iam.gserviceaccount.com"]},{"role":"roles/firebaserules.system","members":["serviceAccount:service-262523628677@firebase-rules.iam.gserviceaccount.com"]},{"role":"roles/iam.serviceAccountTokenCreator","members":["serviceAccount:firebase-adminsdk-q39c1@resumbuilderpro.iam.gserviceaccount.com"]},{"role":"roles/owner","members":["user:akanbitobijoseph@gmail.com"]},{"role":"roles/pubsub.serviceAgent","members":["serviceAccount:service-262523628677@gcp-sa-pubsub.iam.gserviceaccount.com"]},{"role":"roles/run.viewer","members":["serviceAccount:github-action-370135663@resumbuilderpro.iam.gserviceaccount.com"]},{"role":"roles/serviceusage.apiKeysViewer","members":["serviceAccount:github-action-370135663@resumbuilderpro.iam.gserviceaccount.com"]}]}
[debug] [2023-01-04T00:05:23.959Z] >>> [apiv2][query] POST https://iam.googleapis.com/v1/projects/resumbuilderpro/serviceAccounts/github-action-370135663@resumbuilderpro.iam.gserviceaccount.com/keys [none]
[debug] [2023-01-04T00:05:23.959Z] >>> [apiv2][body] POST https://iam.googleapis.com/v1/projects/resumbuilderpro/serviceAccounts/github-action-370135663@resumbuilderpro.iam.gserviceaccount.com/keys {"keyAlgorithm":"KEY_ALG_UNSPECIFIED","privateKeyType":"TYPE_GOOGLE_CREDENTIALS_FILE"}
